<?xml version="1.0" encoding="UTF-8"?>
<!-- Generated by org.testng.reporters.JUnitReportReporter -->
<testsuite hostname="rajath-ThinkPad-Edge-E440" name="draup.test" tests="1" failures="0" timestamp="30 Nov 2017 10:52:32 GMT" time="0.873" errors="0">
  <testcase name="array_body" time="0.873" classname="draup.test"/>
</testsuite> <!-- draup.test -->
