<?xml version="1.0" encoding="UTF-8"?>
<!-- Generated by org.testng.reporters.JUnitReportReporter -->
<testsuite hostname="rajath-ThinkPad-Edge-E440" name="draup.tets" tests="1" failures="0" timestamp="29 Nov 2017 07:52:07 GMT" time="0.735" errors="0">
  <testcase name="array_body" time="0.735" classname="draup.tets"/>
</testsuite> <!-- draup.tets -->
