<?xml version="1.0" encoding="UTF-8"?>
<!-- Generated by org.testng.reporters.JUnitReportReporter -->
<testsuite hostname="rajath-ThinkPad-Edge-E440" name="draup.NotPrepared" tests="1" failures="0" timestamp="19 Dec 2017 09:35:29 GMT" time="1.774" errors="0">
  <testcase name="test" time="1.774" classname="draup.NotPrepared"/>
</testsuite> <!-- draup.NotPrepared -->
