<?xml version="1.0" encoding="UTF-8"?>
<!-- Generated by org.testng.reporters.JUnitReportReporter -->
<testsuite hostname="Rohityadav" name="draup.rolodex_filter" tests="12" failures="0" timestamp="22 Jan 2018 08:52:16 GMT" time="21.566" errors="0">
  <testcase name="rol_fil_business_unit" time="1.761" classname="draup.rolodex_filter"/>
  <testcase name="rol_fil_deal_size_influence" time="1.783" classname="draup.rolodex_filter"/>
  <testcase name="rol_fil_verticals_with_other1" time="1.798" classname="draup.rolodex_filter"/>
  <testcase name="rol_fil_opp_index" time="1.714" classname="draup.rolodex_filter"/>
  <testcase name="rol_fil_company" time="1.772" classname="draup.rolodex_filter"/>
  <testcase name="rol_fil_verticals" time="2.024" classname="draup.rolodex_filter"/>
  <testcase name="rol_fil_deal_size_influence_with_others" time="1.804" classname="draup.rolodex_filter"/>
  <testcase name="rol_fil_combination" time="1.735" classname="draup.rolodex_filter"/>
  <testcase name="rol_fil_level_in_org" time="1.753" classname="draup.rolodex_filter"/>
  <testcase name="rol_fil_verticals_with_other2" time="1.725" classname="draup.rolodex_filter"/>
  <testcase name="rol_fil_subverticals" time="1.763" classname="draup.rolodex_filter"/>
  <testcase name="rol_fil_locations" time="1.934" classname="draup.rolodex_filter"/>
</testsuite> <!-- draup.rolodex_filter -->
