<?xml version="1.0" encoding="UTF-8"?>
<!-- Generated by org.testng.reporters.JUnitReportReporter -->
<testsuite hostname="Rohityadav" name="draup.universe" tests="10" failures="0" timestamp="22 Jan 2018 09:44:29 GMT" time="35.348" errors="0">
  <testcase name="get_universe_globalization" time="3.653" classname="draup.universe"/>
  <testcase name="get_universe_filters_accountsforsignal" time="3.491" classname="draup.universe"/>
  <testcase name="get_universe_opportunities" time="3.612" classname="draup.universe"/>
  <testcase name="get_universe_rndlocation" time="3.523" classname="draup.universe"/>
  <testcase name="get_universe_verticals" time="3.611" classname="draup.universe"/>
  <testcase name="get_universe_sp_partners" time="3.406" classname="draup.universe"/>
  <testcase name="get_universe_outsourcing" time="3.562" classname="draup.universe"/>
  <testcase name="get_universe_financials" time="3.541" classname="draup.universe"/>
  <testcase name="get_universe_signaltype" time="3.403" classname="draup.universe"/>
  <testcase name="get_universe_hqlocations" time="3.546" classname="draup.universe"/>
</testsuite> <!-- draup.universe -->
